0 info it worked if it ends with ok
1 verbose cli [ '/usr/local/Cellar/node4-lts/4.3.1/bin/node',
1 verbose cli   '/usr/local/bin/npm',
1 verbose cli   'run',
1 verbose cli   'github-deploy' ]
2 info using npm@2.14.12
3 info using node@v4.3.1
4 verbose run-script [ 'pregithub-deploy', 'github-deploy', 'postgithub-deploy' ]
5 info pregithub-deploy angular2-webpack-starter@5.0.5
6 info github-deploy angular2-webpack-starter@5.0.5
7 verbose unsafe-perm in lifecycle true
8 info angular2-webpack-starter@5.0.5 Failed to exec github-deploy script
9 verbose stack Error: angular2-webpack-starter@5.0.5 github-deploy: `npm run github-deploy:dev`
9 verbose stack Exit status 1
9 verbose stack     at EventEmitter.<anonymous> (/usr/local/lib/node_modules/npm/lib/utils/lifecycle.js:214:16)
9 verbose stack     at emitTwo (events.js:87:13)
9 verbose stack     at EventEmitter.emit (events.js:172:7)
9 verbose stack     at ChildProcess.<anonymous> (/usr/local/lib/node_modules/npm/lib/utils/spawn.js:24:14)
9 verbose stack     at emitTwo (events.js:87:13)
9 verbose stack     at ChildProcess.emit (events.js:172:7)
9 verbose stack     at maybeClose (internal/child_process.js:821:16)
9 verbose stack     at Process.ChildProcess._handle.onexit (internal/child_process.js:211:5)
10 verbose pkgid angular2-webpack-starter@5.0.5
11 verbose cwd /Users/shlomiassaf/Desktop/Cisco/angular2-webpack-starter/dist
12 error Darwin 15.3.0
13 error argv "/usr/local/Cellar/node4-lts/4.3.1/bin/node" "/usr/local/bin/npm" "run" "github-deploy"
14 error node v4.3.1
15 error npm  v2.14.12
16 error code ELIFECYCLE
17 error angular2-webpack-starter@5.0.5 github-deploy: `npm run github-deploy:dev`
17 error Exit status 1
18 error Failed at the angular2-webpack-starter@5.0.5 github-deploy script 'npm run github-deploy:dev'.
18 error This is most likely a problem with the angular2-webpack-starter package,
18 error not with npm itself.
18 error Tell the author that this fails on your system:
18 error     npm run github-deploy:dev
18 error You can get their info via:
18 error     npm owner ls angular2-webpack-starter
18 error There is likely additional logging output above.
19 verbose exit [ 1, true ]
